Flow report for adder01
Mon Feb 28 13:32:08 2022
Quartus Prime Version 21.1.0 Build 842 10/21/2021 SJ Lite Edition


---------------------
; Table of Contents ;
---------------------
  1. Legal Notice
  2. Flow Summary
  3. Flow Settings
  4. Flow Non-Default Global Settings
  5. Flow Elapsed Time
  6. Flow OS Summary
  7. Flow Log
  8. Flow Messages
  9. Flow Suppressed Messages



----------------
; Legal Notice ;
----------------
Copyright (C) 2021  Intel Corporation. All rights reserved.
Your use of Intel Corporation's design tools, logic functions 
and other software and tools, and any partner logic 
functions, and any output files from any of the foregoing 
(including device programming or simulation files), and any 
associated documentation or information are expressly subject 
to the terms and conditions of the Intel Program License 
Subscription Agreement, the Intel Quartus Prime License Agreement,
the Intel FPGA IP License Agreement, or other applicable license
agreement, including, without limitation, that your use is for
the sole purpose of programming logic devices manufactured by
Intel and sold by Intel or its authorized distributors.  Please
refer to the applicable agreement for further details, at
https://fpgasoftware.intel.com/eula.



+-------------------------------------------------------------------------------+
; Flow Summary                                                                  ;
+---------------------------------+---------------------------------------------+
; Flow Status                     ; Successful - Mon Feb 28 13:32:08 2022       ;
; Quartus Prime Version           ; 21.1.0 Build 842 10/21/2021 SJ Lite Edition ;
; Revision Name                   ; adder01                                     ;
; Top-level Entity Name           ; adder01                                     ;
; Family                          ; Cyclone V                                   ;
; Device                          ; 5CSEMA5F31C6                                ;
; Timing Models                   ; Final                                       ;
; Logic utilization (in ALMs)     ; 2 / 32,070 ( < 1 % )                        ;
; Total registers                 ; 0                                           ;
; Total pins                      ; 5 / 457 ( 1 % )                             ;
; Total virtual pins              ; 0                                           ;
; Total block memory bits         ; 0 / 4,065,280 ( 0 % )                       ;
; Total DSP Blocks                ; 0 / 87 ( 0 % )                              ;
; Total HSSI RX PCSs              ; 0                                           ;
; Total HSSI PMA RX Deserializers ; 0                                           ;
; Total HSSI TX PCSs              ; 0                                           ;
; Total HSSI PMA TX Serializers   ; 0                                           ;
; Total PLLs                      ; 0 / 6 ( 0 % )                               ;
; Total DLLs                      ; 0 / 4 ( 0 % )                               ;
+---------------------------------+---------------------------------------------+


+-----------------------------------------+
; Flow Settings                           ;
+-------------------+---------------------+
; Option            ; Setting             ;
+-------------------+---------------------+
; Start date & time ; 02/28/2022 13:13:12 ;
; Main task         ; Compilation         ;
; Revision Name     ; adder01             ;
+-------------------+---------------------+


+------------------------------------------------------------------------------------------------------------------------------------------------+
; Flow Non-Default Global Settings                                                                                                               ;
+-------------------------------------+----------------------------------------+---------------+-------------+-----------------------------------+
; Assignment Name                     ; Value                                  ; Default Value ; Entity Name ; Section Id                        ;
+-------------------------------------+----------------------------------------+---------------+-------------+-----------------------------------+
; COMPILER_SIGNATURE_ID               ; 61659229198534.164607919214864         ; --            ; --          ; --                                ;
; EDA_GENERATE_FUNCTIONAL_NETLIST     ; Off                                    ; --            ; --          ; eda_board_design_timing           ;
; EDA_GENERATE_FUNCTIONAL_NETLIST     ; Off                                    ; --            ; --          ; eda_board_design_boundary_scan    ;
; EDA_GENERATE_FUNCTIONAL_NETLIST     ; Off                                    ; --            ; --          ; eda_board_design_signal_integrity ;
; EDA_GENERATE_FUNCTIONAL_NETLIST     ; Off                                    ; --            ; --          ; eda_board_design_symbol           ;
; EDA_OUTPUT_DATA_FORMAT              ; Verilog Hdl                            ; --            ; --          ; eda_simulation                    ;
; EDA_SIMULATION_TOOL                 ; QuestaSim (Verilog)                    ; <None>        ; --          ; --                                ;
; EDA_TIME_SCALE                      ; 1 ps                                   ; --            ; --          ; eda_simulation                    ;
; PARTITION_COLOR                     ; -- (Not supported for targeted family) ; --            ; --          ; Top                               ;
; PARTITION_FITTER_PRESERVATION_LEVEL ; -- (Not supported for targeted family) ; --            ; --          ; Top                               ;
; PARTITION_NETLIST_TYPE              ; -- (Not supported for targeted family) ; --            ; --          ; Top                               ;
; PROJECT_OUTPUT_DIRECTORY            ; output_files                           ; --            ; --          ; --                                ;
+-------------------------------------+----------------------------------------+---------------+-------------+-----------------------------------+


+--------------------------------------------------------------------------------------------------------------------------+
; Flow Elapsed Time                                                                                                        ;
+----------------------+--------------+-------------------------+---------------------+------------------------------------+
; Module Name          ; Elapsed Time ; Average Processors Used ; Peak Virtual Memory ; Total CPU Time (on all processors) ;
+----------------------+--------------+-------------------------+---------------------+------------------------------------+
; Analysis & Synthesis ; 00:00:07     ; 1.0                     ; 4828 MB             ; 00:00:16                           ;
; Fitter               ; 00:00:20     ; 1.0                     ; 6468 MB             ; 00:00:42                           ;
; Assembler            ; 00:00:06     ; 1.0                     ; 4885 MB             ; 00:00:04                           ;
; Timing Analyzer      ; 00:00:03     ; 1.0                     ; 5126 MB             ; 00:00:03                           ;
; EDA Netlist Writer   ; 00:00:00     ; 1.0                     ; 4726 MB             ; 00:00:01                           ;
; EDA Netlist Writer   ; 00:00:01     ; 1.0                     ; 4725 MB             ; 00:00:01                           ;
; EDA Netlist Writer   ; 00:00:00     ; 1.0                     ; 4725 MB             ; 00:00:01                           ;
; EDA Netlist Writer   ; 00:00:00     ; 1.0                     ; 4726 MB             ; 00:00:01                           ;
; EDA Netlist Writer   ; 00:00:01     ; 1.0                     ; 4725 MB             ; 00:00:01                           ;
; EDA Netlist Writer   ; 00:00:01     ; 1.0                     ; 4726 MB             ; 00:00:01                           ;
; EDA Netlist Writer   ; 00:00:00     ; 1.0                     ; 4725 MB             ; 00:00:01                           ;
; EDA Netlist Writer   ; 00:00:00     ; 1.0                     ; 4726 MB             ; 00:00:01                           ;
; EDA Netlist Writer   ; 00:00:01     ; 1.0                     ; 4725 MB             ; 00:00:01                           ;
; EDA Netlist Writer   ; 00:00:01     ; 1.0                     ; 4726 MB             ; 00:00:01                           ;
; Total                ; 00:00:41     ; --                      ; --                  ; 00:01:15                           ;
+----------------------+--------------+-------------------------+---------------------+------------------------------------+


+------------------------------------------------------------------------------------+
; Flow OS Summary                                                                    ;
+----------------------+------------------+------------+------------+----------------+
; Module Name          ; Machine Hostname ; OS Name    ; OS Version ; Processor type ;
+----------------------+------------------+------------+------------+----------------+
; Analysis & Synthesis ; MS220145         ; Windows 10 ; 10.0       ; x86_64         ;
; Fitter               ; MS220145         ; Windows 10 ; 10.0       ; x86_64         ;
; Assembler            ; MS220145         ; Windows 10 ; 10.0       ; x86_64         ;
; Timing Analyzer      ; MS220145         ; Windows 10 ; 10.0       ; x86_64         ;
; EDA Netlist Writer   ; MS220145         ; Windows 10 ; 10.0       ; x86_64         ;
; EDA Netlist Writer   ; MS220145         ; Windows 10 ; 10.0       ; x86_64         ;
; EDA Netlist Writer   ; MS220145         ; Windows 10 ; 10.0       ; x86_64         ;
; EDA Netlist Writer   ; MS220145         ; Windows 10 ; 10.0       ; x86_64         ;
; EDA Netlist Writer   ; MS220145         ; Windows 10 ; 10.0       ; x86_64         ;
; EDA Netlist Writer   ; MS220145         ; Windows 10 ; 10.0       ; x86_64         ;
; EDA Netlist Writer   ; MS220145         ; Windows 10 ; 10.0       ; x86_64         ;
; EDA Netlist Writer   ; MS220145         ; Windows 10 ; 10.0       ; x86_64         ;
; EDA Netlist Writer   ; MS220145         ; Windows 10 ; 10.0       ; x86_64         ;
; EDA Netlist Writer   ; MS220145         ; Windows 10 ; 10.0       ; x86_64         ;
+----------------------+------------------+------------+------------+----------------+


------------
; Flow Log ;
------------
quartus_map --read_settings_files=on --write_settings_files=off adder01 -c adder01
quartus_fit --read_settings_files=off --write_settings_files=off adder01 -c adder01
quartus_asm --read_settings_files=off --write_settings_files=off adder01 -c adder01
quartus_sta adder01 -c adder01
quartus_eda --read_settings_files=off --write_settings_files=off adder01 -c adder01
quartus_eda --gen_testbench --tool=modelsim_oem --format=verilog --write_settings_files=off adder01 -c adder01 --vector_source=C:/eda_workspace/adder01/Waveform.vwf --testbench_file=C:/eda_workspace/adder01/simulation/qsim/Waveform.vwf.vt
quartus_eda --gen_testbench --tool=modelsim_oem --format=verilog --write_settings_files=off adder01 -c adder01 --vector_source=C:/eda_workspace/adder01/adder01.vwf --testbench_file=C:/eda_workspace/adder01/simulation/qsim/adder01.vwf.vt
quartus_eda --write_settings_files=off --simulation=on --functional=on --flatten_buses=off --tool=modelsim_oem --format=verilog --output_directory=C:/eda_workspace/adder01/simulation/qsim/ adder01 -c adder01
quartus_eda --gen_testbench --tool=modelsim_oem --format=verilog --write_settings_files=off adder01 -c adder01 --vector_source=C:/eda_workspace/adder01/adder01.vwf --testbench_file=C:/eda_workspace/adder01/simulation/qsim/adder01.vwf.vt
quartus_eda --write_settings_files=off --simulation=on --functional=on --flatten_buses=off --tool=modelsim_oem --format=verilog --output_directory=C:/eda_workspace/adder01/simulation/qsim/ adder01 -c adder01
quartus_eda --gen_testbench --tool=modelsim_oem --format=verilog --write_settings_files=off adder01 -c adder01 --vector_source=C:/eda_workspace/adder01/adder01.vwf --testbench_file=C:/eda_workspace/adder01/simulation/qsim/adder01.vwf.vt
quartus_eda --write_settings_files=off --simulation=on --functional=on --flatten_buses=off --tool=modelsim_oem --format=verilog --output_directory=C:/eda_workspace/adder01/simulation/qsim/ adder01 -c adder01
quartus_eda --gen_testbench --tool=modelsim_oem --format=verilog --write_settings_files=off adder01 -c adder01 --vector_source=C:/eda_workspace/adder01/adder01.vwf --testbench_file=C:/eda_workspace/adder01/simulation/qsim/adder01.vwf.vt
quartus_eda --write_settings_files=off --simulation=on --functional=on --flatten_buses=off --tool=modelsim_oem --format=verilog --output_directory=C:/eda_workspace/adder01/simulation/qsim/ adder01 -c adder01



